SF:lib/src/api_rest_connect.dart
DA:11,3
DA:13,1
DA:16,1
DA:18,1
DA:19,4
DA:20,0
DA:26,0
DA:27,0
DA:32,0
DA:33,0
DA:39,0
DA:44,1
DA:45,1
DA:46,0
DA:47,0
DA:52,1
DA:53,1
DA:54,1
DA:59,0
DA:60,0
DA:65,0
DA:66,0
DA:72,0
DA:73,0
DA:80,0
DA:89,0
DA:97,0
DA:109,0
DA:118,0
DA:119,0
DA:120,0
DA:125,0
DA:128,0
DA:134,0
DA:135,0
DA:138,0
DA:141,0
DA:145,0
DA:146,0
DA:148,0
DA:152,0
DA:155,0
DA:163,0
DA:164,0
DA:167,0
DA:170,0
DA:172,0
DA:175,0
DA:176,0
DA:177,0
DA:179,0
DA:183,0
DA:184,0
DA:185,0
DA:188,0
DA:192,0
DA:195,0
DA:197,0
DA:198,0
DA:199,0
DA:203,0
DA:213,0
DA:215,0
DA:216,0
DA:219,0
DA:225,0
DA:226,0
DA:229,0
DA:236,0
DA:238,0
DA:241,0
DA:244,0
DA:246,0
DA:247,0
DA:248,0
DA:251,0
DA:261,0
DA:263,0
DA:264,0
DA:267,0
DA:273,0
DA:274,0
DA:277,0
DA:285,1
DA:293,1
DA:294,1
DA:295,0
DA:299,1
DA:302,1
DA:308,0
DA:309,0
DA:312,0
DA:319,1
DA:322,0
DA:323,0
DA:325,2
DA:326,3
DA:330,1
DA:334,1
DA:338,0
DA:339,0
DA:340,0
DA:341,0
DA:346,2
DA:349,1
DA:352,1
DA:353,1
DA:357,1
DA:360,0
DA:362,0
DA:365,0
DA:366,0
DA:367,0
DA:369,0
DA:373,0
DA:374,0
DA:375,0
DA:378,0
DA:381,0
DA:382,0
DA:385,0
DA:392,0
DA:394,1
DA:396,1
DA:397,1
DA:400,1
DA:408,0
DA:416,0
DA:417,0
DA:418,0
DA:422,0
DA:425,0
DA:431,0
DA:432,0
DA:435,0
DA:444,0
DA:450,0
DA:451,0
DA:453,0
DA:457,0
DA:460,0
DA:469,0
DA:470,0
DA:474,0
DA:475,0
DA:477,0
DA:482,0
DA:485,0
DA:487,0
DA:490,0
DA:491,0
DA:492,0
DA:494,0
DA:498,0
DA:499,0
DA:500,0
DA:503,0
DA:506,0
DA:507,0
DA:510,0
DA:517,0
DA:519,0
DA:521,0
DA:522,0
DA:525,0
DA:533,0
DA:541,0
DA:542,0
DA:543,0
DA:548,0
DA:551,0
DA:557,0
DA:558,0
DA:561,0
DA:568,0
DA:569,0
DA:571,0
DA:575,0
DA:578,0
DA:587,0
DA:588,0
DA:592,0
DA:593,0
DA:595,0
DA:600,0
DA:603,0
DA:605,0
DA:608,0
DA:609,0
DA:610,0
DA:612,0
DA:616,0
DA:617,0
DA:618,0
DA:621,0
DA:624,0
DA:625,0
DA:628,0
DA:635,0
DA:637,0
DA:639,0
DA:640,0
DA:643,0
DA:658,1
DA:666,2
DA:667,2
DA:669,1
DA:670,1
DA:674,1
DA:675,1
DA:680,1
DA:681,1
DA:682,1
DA:683,1
DA:687,2
DA:688,0
DA:694,1
DA:703,0
DA:705,0
DA:708,0
DA:709,0
DA:710,0
DA:712,0
DA:713,0
DA:717,0
DA:720,0
DA:723,0
DA:726,0
DA:727,0
DA:731,0
DA:735,3
DA:741,1
DA:742,1
DA:746,1
DA:747,2
DA:748,1
DA:752,1
DA:753,1
DA:754,3
DA:755,1
DA:757,2
DA:758,1
DA:762,1
DA:766,2
DA:770,1
LF:245
LH:57
end_of_record
SF:lib/src/models/api_config.dart
DA:10,8
DA:21,2
DA:29,2
DA:30,1
DA:31,2
DA:32,2
DA:33,2
DA:34,1
DA:35,1
DA:39,1
DA:41,7
DA:44,0
DA:47,0
DA:48,0
DA:49,0
DA:50,0
DA:51,0
DA:54,0
DA:56,0
DA:57,0
DA:58,0
DA:59,0
LF:22
LH:11
end_of_record
SF:lib/src/models/api_error.dart
DA:23,6
DA:30,2
DA:31,6
DA:62,1
DA:63,2
DA:68,1
DA:70,1
DA:72,1
DA:74,1
DA:76,1
DA:78,1
DA:79,1
DA:80,1
DA:81,1
DA:84,2
DA:86,1
LF:16
LH:16
end_of_record
SF:lib/src/interceptors/api_interceptor.dart
DA:7,1
DA:13,1
DA:14,2
DA:15,3
DA:17,1
DA:18,3
DA:22,3
DA:26,0
DA:32,0
DA:33,0
DA:34,0
DA:36,0
DA:37,0
DA:41,0
DA:45,1
DA:51,1
DA:52,2
DA:53,3
DA:55,2
DA:57,2
DA:60,1
DA:61,1
DA:62,5
DA:63,1
DA:66,1
DA:67,1
DA:69,1
DA:70,0
DA:74,0
DA:75,0
DA:77,0
DA:80,0
DA:82,0
DA:83,0
LF:34
LH:20
end_of_record
SF:lib/src/utils/token_utils.dart
DA:9,2
DA:10,2
DA:11,2
DA:15,2
DA:16,2
DA:17,2
DA:21,1
DA:22,1
DA:23,1
LF:9
LH:9
end_of_record
